<?xml version="1.0" encoding="UTF-8"?>
<!-- Generated by org.testng.reporters.JUnitReportReporter -->
<testsuite name="com.fsoft.selenium.testng.AppTest" tests="12" time="68.015" ignored="0" failures="0" timestamp="03 Feb 2017 08:07:44 GMT" skipped="0" hostname="CPP00113205A" errors="0">
  <testcase name="excuseKeyword" time="0.007" classname="com.fsoft.selenium.testng.AppTest"/>
  <testcase name="excuseKeyword" time="0.080" classname="com.fsoft.selenium.testng.AppTest"/>
  <testcase name="excuseKeyword" time="56.414" classname="com.fsoft.selenium.testng.AppTest"/>
  <testcase name="excuseKeyword" time="1.444" classname="com.fsoft.selenium.testng.AppTest"/>
  <testcase name="excuseKeyword" time="0.005" classname="com.fsoft.selenium.testng.AppTest"/>
  <testcase name="excuseKeyword" time="3.548" classname="com.fsoft.selenium.testng.AppTest"/>
  <testcase name="excuseKeyword" time="3.004" classname="com.fsoft.selenium.testng.AppTest"/>
  <testcase name="excuseKeyword" time="1.298" classname="com.fsoft.selenium.testng.AppTest"/>
  <testcase name="excuseKeyword" time="0.002" classname="com.fsoft.selenium.testng.AppTest"/>
  <testcase name="excuseKeyword" time="0.137" classname="com.fsoft.selenium.testng.AppTest"/>
  <testcase name="excuseKeyword" time="0.061" classname="com.fsoft.selenium.testng.AppTest"/>
  <testcase name="excuseKeyword" time="2.015" classname="com.fsoft.selenium.testng.AppTest"/>
</testsuite> <!-- com.fsoft.selenium.testng.AppTest -->
