<?xml version="1.0" encoding="UTF-8"?>
<!-- Generated by org.testng.reporters.JUnitReportReporter -->
<testsuite name="com.fsoft.selenium.testng.AppTest" tests="1" time="0.000" ignored="0" failures="0" timestamp="24 Jan 2017 03:05:17 GMT" skipped="1" hostname="CPP00113205A" errors="0">
  <testcase name="excuseKeyword" time="0.000" classname="com.fsoft.selenium.testng.AppTest">
    <skipped/>
  </testcase> <!-- excuseKeyword -->
</testsuite> <!-- com.fsoft.selenium.testng.AppTest -->
